\BOOKMARK [1][-]{section.1}{\376\377\000E\000x\000e\000c\000u\000t\000i\000v\000e\000\040\000S\000u\000m\000m\000a\000r\000y}{}% 1
\BOOKMARK [2][-]{subsection.1.1}{\376\377\000A\000r\000c\000h\000i\000t\000e\000c\000t\000u\000r\000e\000\040\000O\000v\000e\000r\000v\000i\000e\000w}{section.1}% 2
\BOOKMARK [1][-]{section.2}{\376\377\000S\000y\000s\000t\000e\000m\000\040\000A\000r\000c\000h\000i\000t\000e\000c\000t\000u\000r\000e}{}% 3
\BOOKMARK [2][-]{subsection.2.1}{\376\377\000D\000i\000r\000e\000c\000t\000o\000r\000y\000\040\000S\000t\000r\000u\000c\000t\000u\000r\000e}{section.2}% 4
\BOOKMARK [2][-]{subsection.2.2}{\376\377\000T\000e\000c\000h\000n\000o\000l\000o\000g\000y\000\040\000S\000t\000a\000c\000k}{section.2}% 5
\BOOKMARK [1][-]{section.3}{\376\377\000C\000a\000l\000l\000\040\000G\000r\000a\000p\000h\000:\000\040\000C\000o\000m\000p\000l\000e\000t\000e\000\040\000S\000y\000s\000t\000e\000m\000\040\000F\000l\000o\000w}{}% 6
\BOOKMARK [2][-]{subsection.3.1}{\376\377\000E\000n\000d\000-\000t\000o\000-\000E\000n\000d\000\040\000W\000o\000r\000k\000f\000l\000o\000w\000\040\000C\000a\000l\000l\000\040\000G\000r\000a\000p\000h}{section.3}% 7
\BOOKMARK [2][-]{subsection.3.2}{\376\377\000S\000c\000r\000e\000e\000n\000i\000n\000g\000\040\000P\000i\000p\000e\000l\000i\000n\000e\000\040\000C\000a\000l\000l\000\040\000G\000r\000a\000p\000h}{section.3}% 8
\BOOKMARK [2][-]{subsection.3.3}{\376\377\000L\000L\000M\000\040\000C\000l\000i\000e\000n\000t\000\040\000C\000a\000l\000l\000\040\000G\000r\000a\000p\000h}{section.3}% 9
\BOOKMARK [1][-]{section.4}{\376\377\000C\000o\000r\000e\000\040\000P\000y\000t\000h\000o\000n\000\040\000M\000o\000d\000u\000l\000e\000s\000\040\000\050\000O\000r\000i\000g\000i\000n\000a\000l\000\051}{}% 10
\BOOKMARK [2][-]{subsection.4.1}{\376\377\000L\000L\000M\000\040\000M\000o\000d\000u\000l\000e\000\040\000\050\000c\000o\000r\000e\000/\000l\000l\000m\000/\000\051}{section.4}% 11
\BOOKMARK [3][-]{subsubsection.4.1.1}{\376\377\000B\000a\000s\000e\000L\000L\000M\000C\000l\000i\000e\000n\000t\000\040\000\050\000b\000a\000s\000e\000\137\000c\000l\000i\000e\000n\000t\000.\000p\000y\000\051}{subsection.4.1}% 12
\BOOKMARK [3][-]{subsubsection.4.1.2}{\376\377\000O\000p\000e\000n\000A\000I\000C\000l\000i\000e\000n\000t\000\040\000\050\000o\000p\000e\000n\000a\000i\000\137\000c\000l\000i\000e\000n\000t\000.\000p\000y\000\051}{subsection.4.1}% 13
\BOOKMARK [3][-]{subsubsection.4.1.3}{\376\377\000A\000n\000t\000h\000r\000o\000p\000i\000c\000C\000l\000i\000e\000n\000t\000\040\000\050\000a\000n\000t\000h\000r\000o\000p\000i\000c\000\137\000c\000l\000i\000e\000n\000t\000.\000p\000y\000\051}{subsection.4.1}% 14
\BOOKMARK [3][-]{subsubsection.4.1.4}{\376\377\000P\000r\000o\000m\000p\000t\000\040\000T\000e\000m\000p\000l\000a\000t\000e\000s\000\040\000\050\000p\000r\000o\000m\000p\000t\000s\000.\000p\000y\000\051}{subsection.4.1}% 15
\BOOKMARK [3][-]{subsubsection.4.1.5}{\376\377\000C\000o\000s\000t\000T\000r\000a\000c\000k\000e\000r\000\040\000\050\000c\000o\000s\000t\000\137\000t\000r\000a\000c\000k\000e\000r\000.\000p\000y\000\051}{subsection.4.1}% 16
\BOOKMARK [3][-]{subsubsection.4.1.6}{\376\377\000R\000a\000t\000e\000\040\000L\000i\000m\000i\000t\000i\000n\000g\000\040\000\050\000r\000a\000t\000e\000\137\000l\000i\000m\000i\000t\000.\000p\000y\000\051}{subsection.4.1}% 17
\BOOKMARK [2][-]{subsection.4.2}{\376\377\000S\000t\000o\000r\000a\000g\000e\000\040\000M\000o\000d\000u\000l\000e\000\040\000\050\000c\000o\000r\000e\000/\000s\000t\000o\000r\000a\000g\000e\000/\000\051}{section.4}% 18
\BOOKMARK [3][-]{subsubsection.4.2.1}{\376\377\000D\000a\000t\000a\000\040\000M\000o\000d\000e\000l\000s\000\040\000\050\000m\000o\000d\000e\000l\000s\000.\000p\000y\000\051}{subsection.4.2}% 19
\BOOKMARK [3][-]{subsubsection.4.2.2}{\376\377\000S\000e\000s\000s\000i\000o\000n\000M\000a\000n\000a\000g\000e\000r\000\040\000\050\000s\000e\000s\000s\000i\000o\000n\000\137\000m\000a\000n\000a\000g\000e\000r\000.\000p\000y\000\051}{subsection.4.2}% 20
\BOOKMARK [3][-]{subsubsection.4.2.3}{\376\377\000A\000u\000d\000i\000t\000L\000o\000g\000g\000e\000r\000\040\000\050\000a\000u\000d\000i\000t\000\137\000l\000o\000g\000g\000e\000r\000.\000p\000y\000\051}{subsection.4.2}% 21
\BOOKMARK [2][-]{subsection.4.3}{\376\377\000S\000c\000r\000e\000e\000n\000i\000n\000g\000\040\000M\000o\000d\000u\000l\000e\000\040\000\050\000c\000o\000r\000e\000/\000s\000c\000r\000e\000e\000n\000i\000n\000g\000/\000\051}{section.4}% 22
\BOOKMARK [3][-]{subsubsection.4.3.1}{\376\377\000C\000r\000i\000t\000e\000r\000i\000a\000G\000e\000n\000e\000r\000a\000t\000o\000r\000\040\000\050\000c\000r\000i\000t\000e\000r\000i\000a\000\137\000g\000e\000n\000e\000r\000a\000t\000o\000r\000.\000p\000y\000\051}{subsection.4.3}% 23
\BOOKMARK [3][-]{subsubsection.4.3.2}{\376\377\000T\000i\000t\000l\000e\000A\000b\000s\000t\000r\000a\000c\000t\000S\000c\000r\000e\000e\000n\000e\000r\000\040\000\050\000t\000i\000t\000l\000e\000\137\000a\000b\000s\000t\000r\000a\000c\000t\000.\000p\000y\000\051}{subsection.4.3}% 24
\BOOKMARK [3][-]{subsubsection.4.3.3}{\376\377\000F\000u\000l\000l\000t\000e\000x\000t\000S\000c\000r\000e\000e\000n\000e\000r\000\040\000\050\000f\000u\000l\000l\000t\000e\000x\000t\000.\000p\000y\000\051}{subsection.4.3}% 25
\BOOKMARK [3][-]{subsubsection.4.3.4}{\376\377\000F\000e\000e\000d\000b\000a\000c\000k\000R\000e\000v\000i\000e\000w\000e\000r\000\040\000\050\000f\000e\000e\000d\000b\000a\000c\000k\000.\000p\000y\000\051}{subsection.4.3}% 26
\BOOKMARK [2][-]{subsection.4.4}{\376\377\000E\000x\000t\000r\000a\000c\000t\000i\000o\000n\000\040\000M\000o\000d\000u\000l\000e\000\040\000\050\000c\000o\000r\000e\000/\000e\000x\000t\000r\000a\000c\000t\000i\000o\000n\000/\000\051}{section.4}% 27
\BOOKMARK [3][-]{subsubsection.4.4.1}{\376\377\000D\000a\000t\000a\000E\000x\000t\000r\000a\000c\000t\000o\000r\000\040\000\050\000d\000a\000t\000a\000\137\000e\000x\000t\000r\000a\000c\000t\000o\000r\000.\000p\000y\000\051}{subsection.4.4}% 28
\BOOKMARK [3][-]{subsubsection.4.4.2}{\376\377\000F\000i\000e\000l\000d\000R\000e\000c\000o\000m\000m\000e\000n\000d\000e\000r\000\040\000\050\000f\000i\000e\000l\000d\000\137\000r\000e\000c\000o\000m\000m\000e\000n\000d\000e\000r\000.\000p\000y\000\051}{subsection.4.4}% 29
\BOOKMARK [2][-]{subsection.4.5}{\376\377\000S\000e\000a\000r\000c\000h\000\040\000S\000t\000r\000a\000t\000e\000g\000y\000\040\000M\000o\000d\000u\000l\000e\000\040\000\050\000c\000o\000r\000e\000/\000s\000e\000a\000r\000c\000h\000\137\000s\000t\000r\000a\000t\000e\000g\000y\000/\000\051}{section.4}% 30
\BOOKMARK [3][-]{subsubsection.4.5.1}{\376\377\000P\000I\000C\000O\000A\000n\000a\000l\000y\000z\000e\000r\000\040\000\050\000p\000i\000c\000o\000\137\000a\000n\000a\000l\000y\000z\000e\000r\000.\000p\000y\000\051}{subsection.4.5}% 31
\BOOKMARK [3][-]{subsubsection.4.5.2}{\376\377\000C\000o\000n\000c\000e\000p\000t\000B\000u\000i\000l\000d\000e\000r\000\040\000\050\000c\000o\000n\000c\000e\000p\000t\000\137\000b\000u\000i\000l\000d\000e\000r\000.\000p\000y\000\051}{subsection.4.5}% 32
\BOOKMARK [3][-]{subsubsection.4.5.3}{\376\377\000P\000u\000b\000M\000e\000d\000G\000e\000n\000e\000r\000a\000t\000o\000r\000\040\000\050\000p\000u\000b\000m\000e\000d\000\137\000g\000e\000n\000e\000r\000a\000t\000o\000r\000.\000p\000y\000\051}{subsection.4.5}% 33
\BOOKMARK [3][-]{subsubsection.4.5.4}{\376\377\000D\000a\000t\000a\000b\000a\000s\000e\000T\000r\000a\000n\000s\000l\000a\000t\000o\000r\000\040\000\050\000d\000b\000\137\000t\000r\000a\000n\000s\000l\000a\000t\000o\000r\000.\000p\000y\000\051}{subsection.4.5}% 34
\BOOKMARK [3][-]{subsubsection.4.5.5}{\376\377\000S\000y\000n\000t\000a\000x\000V\000a\000l\000i\000d\000a\000t\000o\000r\000\040\000\050\000s\000y\000n\000t\000a\000x\000\137\000v\000a\000l\000i\000d\000a\000t\000o\000r\000.\000p\000y\000\051}{subsection.4.5}% 35
\BOOKMARK [2][-]{subsection.4.6}{\376\377\000R\000i\000s\000k\000\040\000o\000f\000\040\000B\000i\000a\000s\000\040\000M\000o\000d\000u\000l\000e\000\040\000\050\000c\000o\000r\000e\000/\000r\000i\000s\000k\000\137\000o\000f\000\137\000b\000i\000a\000s\000/\000\051}{section.4}% 36
\BOOKMARK [3][-]{subsubsection.4.6.1}{\376\377\000R\000o\000B\000A\000s\000s\000e\000s\000s\000o\000r\000\040\000\050\000a\000s\000s\000e\000s\000s\000o\000r\000.\000p\000y\000\051}{subsection.4.6}% 37
\BOOKMARK [3][-]{subsubsection.4.6.2}{\376\377\000S\000t\000u\000d\000y\000D\000e\000s\000i\000g\000n\000D\000e\000t\000e\000c\000t\000o\000r\000\040\000\050\000s\000t\000u\000d\000y\000\137\000d\000e\000s\000i\000g\000n\000\137\000d\000e\000t\000e\000c\000t\000o\000r\000.\000p\000y\000\051}{subsection.4.6}% 38
\BOOKMARK [3][-]{subsubsection.4.6.3}{\376\377\000T\000e\000m\000p\000l\000a\000t\000e\000M\000a\000n\000a\000g\000e\000r\000\040\000\050\000t\000e\000m\000p\000l\000a\000t\000e\000\137\000m\000a\000n\000a\000g\000e\000r\000.\000p\000y\000\051}{subsection.4.6}% 39
\BOOKMARK [3][-]{subsubsection.4.6.4}{\376\377\000B\000u\000i\000l\000t\000-\000i\000n\000\040\000R\000o\000B\000\040\000T\000e\000m\000p\000l\000a\000t\000e\000s}{subsection.4.6}% 40
\BOOKMARK [3][-]{subsubsection.4.6.5}{\376\377\000V\000i\000s\000u\000a\000l\000i\000z\000a\000t\000i\000o\000n\000\040\000\050\000v\000i\000s\000u\000a\000l\000i\000z\000a\000t\000i\000o\000n\000.\000p\000y\000\051}{subsection.4.6}% 41
\BOOKMARK [2][-]{subsection.4.7}{\376\377\000P\000D\000F\000\040\000P\000r\000o\000c\000e\000s\000s\000i\000n\000g\000\040\000M\000o\000d\000u\000l\000e\000\040\000\050\000c\000o\000r\000e\000/\000p\000d\000f\000/\000\051}{section.4}% 42
\BOOKMARK [2][-]{subsection.4.8}{\376\377\000F\000i\000l\000e\000\040\000P\000a\000r\000s\000e\000r\000s\000\040\000M\000o\000d\000u\000l\000e\000\040\000\050\000c\000o\000r\000e\000/\000f\000i\000l\000e\000\137\000p\000a\000r\000s\000e\000r\000s\000/\000\051}{section.4}% 43
\BOOKMARK [2][-]{subsection.4.9}{\376\377\000E\000x\000p\000o\000r\000t\000\040\000M\000o\000d\000u\000l\000e\000\040\000\050\000c\000o\000r\000e\000/\000e\000x\000p\000o\000r\000t\000/\000\051}{section.4}% 44
\BOOKMARK [1][-]{section.5}{\376\377\000F\000a\000s\000t\000A\000P\000I\000\040\000B\000a\000c\000k\000e\000n\000d}{}% 45
\BOOKMARK [2][-]{subsection.5.1}{\376\377\000A\000p\000p\000l\000i\000c\000a\000t\000i\000o\000n\000\040\000E\000n\000t\000r\000y\000\040\000P\000o\000i\000n\000t\000\040\000\050\000m\000a\000i\000n\000.\000p\000y\000\051}{section.5}% 46
\BOOKMARK [2][-]{subsection.5.2}{\376\377\000S\000t\000a\000t\000e\000\040\000M\000a\000n\000a\000g\000e\000m\000e\000n\000t\000\040\000\050\000s\000e\000r\000v\000i\000c\000e\000s\000/\000s\000t\000a\000t\000e\000.\000p\000y\000\051}{section.5}% 47
\BOOKMARK [2][-]{subsection.5.3}{\376\377\000A\000P\000I\000\040\000R\000o\000u\000t\000e\000r\000s}{section.5}% 48
\BOOKMARK [3][-]{subsubsection.5.3.1}{\376\377\000P\000r\000o\000j\000e\000c\000t\000s\000\040\000R\000o\000u\000t\000e\000r\000\040\000\050\000r\000o\000u\000t\000e\000r\000s\000/\000p\000r\000o\000j\000e\000c\000t\000s\000.\000p\000y\000\051}{subsection.5.3}% 49
\BOOKMARK [3][-]{subsubsection.5.3.2}{\376\377\000L\000L\000M\000\040\000R\000o\000u\000t\000e\000r\000\040\000\050\000r\000o\000u\000t\000e\000r\000s\000/\000l\000l\000m\000.\000p\000y\000\051}{subsection.5.3}% 50
\BOOKMARK [3][-]{subsubsection.5.3.3}{\376\377\000S\000c\000r\000e\000e\000n\000i\000n\000g\000\040\000R\000o\000u\000t\000e\000r\000\040\000\050\000r\000o\000u\000t\000e\000r\000s\000/\000s\000c\000r\000e\000e\000n\000i\000n\000g\000.\000p\000y\000\051}{subsection.5.3}% 51
\BOOKMARK [3][-]{subsubsection.5.3.4}{\376\377\000E\000x\000t\000r\000a\000c\000t\000i\000o\000n\000\040\000R\000o\000u\000t\000e\000r\000\040\000\050\000r\000o\000u\000t\000e\000r\000s\000/\000e\000x\000t\000r\000a\000c\000t\000i\000o\000n\000.\000p\000y\000\051}{subsection.5.3}% 52
\BOOKMARK [3][-]{subsubsection.5.3.5}{\376\377\000R\000i\000s\000k\000\040\000o\000f\000\040\000B\000i\000a\000s\000\040\000R\000o\000u\000t\000e\000r\000\040\000\050\000r\000o\000u\000t\000e\000r\000s\000/\000r\000i\000s\000k\000\137\000o\000f\000\137\000b\000i\000a\000s\000.\000p\000y\000\051}{subsection.5.3}% 53
\BOOKMARK [3][-]{subsubsection.5.3.6}{\376\377\000S\000e\000a\000r\000c\000h\000\040\000S\000t\000r\000a\000t\000e\000g\000y\000\040\000R\000o\000u\000t\000e\000r\000\040\000\050\000r\000o\000u\000t\000e\000r\000s\000/\000s\000e\000a\000r\000c\000h\000\137\000s\000t\000r\000a\000t\000e\000g\000y\000.\000p\000y\000\051}{subsection.5.3}% 54
\BOOKMARK [3][-]{subsubsection.5.3.7}{\376\377\000E\000x\000p\000o\000r\000t\000\040\000R\000o\000u\000t\000e\000r\000\040\000\050\000r\000o\000u\000t\000e\000r\000s\000/\000e\000x\000p\000o\000r\000t\000.\000p\000y\000\051}{subsection.5.3}% 55
\BOOKMARK [1][-]{section.6}{\376\377\000R\000e\000a\000c\000t\000\040\000F\000r\000o\000n\000t\000e\000n\000d}{}% 56
\BOOKMARK [2][-]{subsection.6.1}{\376\377\000T\000y\000p\000e\000S\000c\000r\000i\000p\000t\000\040\000T\000y\000p\000e\000\040\000S\000y\000s\000t\000e\000m\000\040\000\050\000t\000y\000p\000e\000s\000/\000i\000n\000d\000e\000x\000.\000t\000s\000\051}{section.6}% 57
\BOOKMARK [2][-]{subsection.6.2}{\376\377\000A\000P\000I\000\040\000S\000e\000r\000v\000i\000c\000e\000\040\000L\000a\000y\000e\000r\000\040\000\050\000s\000e\000r\000v\000i\000c\000e\000s\000/\000a\000p\000i\000.\000t\000s\000\051}{section.6}% 58
\BOOKMARK [2][-]{subsection.6.3}{\376\377\000R\000e\000a\000c\000t\000\040\000Q\000u\000e\000r\000y\000\040\000H\000o\000o\000k\000s\000\040\000\050\000h\000o\000o\000k\000s\000/\000u\000s\000e\000A\000p\000i\000.\000t\000s\000\051}{section.6}% 59
\BOOKMARK [2][-]{subsection.6.4}{\376\377\000L\000a\000y\000o\000u\000t\000\040\000C\000o\000m\000p\000o\000n\000e\000n\000t\000s}{section.6}% 60
\BOOKMARK [3][-]{subsubsection.6.4.1}{\376\377\000A\000p\000p\000L\000a\000y\000o\000u\000t\000\040\000\050\000c\000o\000m\000p\000o\000n\000e\000n\000t\000s\000/\000l\000a\000y\000o\000u\000t\000/\000A\000p\000p\000L\000a\000y\000o\000u\000t\000.\000t\000s\000x\000\051}{subsection.6.4}% 61
\BOOKMARK [3][-]{subsubsection.6.4.2}{\376\377\000S\000i\000d\000e\000b\000a\000r\000\040\000\050\000c\000o\000m\000p\000o\000n\000e\000n\000t\000s\000/\000l\000a\000y\000o\000u\000t\000/\000S\000i\000d\000e\000b\000a\000r\000.\000t\000s\000x\000\051}{subsection.6.4}% 62
\BOOKMARK [2][-]{subsection.6.5}{\376\377\000R\000e\000u\000s\000a\000b\000l\000e\000\040\000U\000I\000\040\000C\000o\000m\000p\000o\000n\000e\000n\000t\000s}{section.6}% 63
\BOOKMARK [2][-]{subsection.6.6}{\376\377\000P\000a\000g\000e\000\040\000C\000o\000m\000p\000o\000n\000e\000n\000t\000s\000\040\000\050\0009\000\040\000S\000t\000e\000p\000s\000\051}{section.6}% 64
\BOOKMARK [3][-]{subsubsection.6.6.1}{\376\377\000S\000t\000e\000p\000\040\0000\000:\000\040\000S\000e\000t\000u\000p\000R\000e\000v\000i\000e\000w}{subsection.6.6}% 65
\BOOKMARK [3][-]{subsubsection.6.6.2}{\376\377\000S\000t\000e\000p\000\040\0001\000:\000\040\000S\000e\000a\000r\000c\000h\000S\000t\000r\000a\000t\000e\000g\000y}{subsection.6.6}% 66
\BOOKMARK [3][-]{subsubsection.6.6.3}{\376\377\000S\000t\000e\000p\000\040\0002\000:\000\040\000T\000i\000t\000l\000e\000A\000b\000s\000t\000r\000a\000c\000t\000S\000c\000r\000e\000e\000n\000i\000n\000g}{subsection.6.6}% 67
\BOOKMARK [3][-]{subsubsection.6.6.4}{\376\377\000S\000t\000e\000p\000\040\0003\000:\000\040\000F\000u\000l\000l\000t\000e\000x\000t\000S\000c\000r\000e\000e\000n\000i\000n\000g}{subsection.6.6}% 68
\BOOKMARK [3][-]{subsubsection.6.6.5}{\376\377\000S\000t\000e\000p\000\040\0004\000:\000\040\000F\000e\000e\000d\000b\000a\000c\000k\000R\000e\000v\000i\000e\000w}{subsection.6.6}% 69
\BOOKMARK [3][-]{subsubsection.6.6.6}{\376\377\000S\000t\000e\000p\000\040\0005\000:\000\040\000E\000x\000t\000r\000a\000c\000t\000i\000o\000n\000S\000e\000t\000u\000p}{subsection.6.6}% 70
\BOOKMARK [3][-]{subsubsection.6.6.7}{\376\377\000S\000t\000e\000p\000\040\0006\000:\000\040\000D\000a\000t\000a\000E\000x\000t\000r\000a\000c\000t\000i\000o\000n}{subsection.6.6}% 71
\BOOKMARK [3][-]{subsubsection.6.6.8}{\376\377\000S\000t\000e\000p\000\040\0007\000:\000\040\000R\000o\000B\000S\000e\000t\000u\000p}{subsection.6.6}% 72
\BOOKMARK [3][-]{subsubsection.6.6.9}{\376\377\000S\000t\000e\000p\000\040\0008\000:\000\040\000R\000i\000s\000k\000O\000f\000B\000i\000a\000s}{subsection.6.6}% 73
\BOOKMARK [2][-]{subsection.6.7}{\376\377\000P\000R\000I\000S\000M\000A\000\040\000F\000l\000o\000w\000\040\000C\000o\000m\000p\000o\000n\000e\000n\000t\000\040\000\050\000P\000r\000i\000s\000m\000a\000F\000l\000o\000w\000.\000t\000s\000x\000\051}{section.6}% 74
\BOOKMARK [2][-]{subsection.6.8}{\376\377\000R\000o\000u\000t\000i\000n\000g\000\040\000C\000o\000n\000f\000i\000g\000u\000r\000a\000t\000i\000o\000n\000\040\000\050\000A\000p\000p\000.\000t\000s\000x\000\051}{section.6}% 75
\BOOKMARK [1][-]{section.7}{\376\377\000D\000a\000t\000a\000\040\000F\000l\000o\000w\000\040\000D\000i\000a\000g\000r\000a\000m\000s}{}% 76
\BOOKMARK [2][-]{subsection.7.1}{\376\377\000C\000o\000m\000p\000l\000e\000t\000e\000\040\000D\000a\000t\000a\000\040\000F\000l\000o\000w\000:\000\040\000R\000e\000f\000e\000r\000e\000n\000c\000e\000\040\000t\000o\000\040\000I\000n\000c\000l\000u\000s\000i\000o\000n}{section.7}% 77
\BOOKMARK [2][-]{subsection.7.2}{\376\377\000L\000L\000M\000\040\000R\000e\000q\000u\000e\000s\000t\000/\000R\000e\000s\000p\000o\000n\000s\000e\000\040\000F\000l\000o\000w}{section.7}% 78
\BOOKMARK [1][-]{section.8}{\376\377\000D\000a\000t\000a\000b\000a\000s\000e\000\040\000S\000c\000h\000e\000m\000a}{}% 79
\BOOKMARK [1][-]{section.9}{\376\377\000C\000o\000s\000t\000\040\000M\000o\000d\000e\000l}{}% 80
\BOOKMARK [2][-]{subsection.9.1}{\376\377\000P\000e\000r\000-\000O\000p\000e\000r\000a\000t\000i\000o\000n\000\040\000C\000o\000s\000t\000\040\000E\000s\000t\000i\000m\000a\000t\000e\000s}{section.9}% 81
\BOOKMARK [2][-]{subsection.9.2}{\376\377\000E\000x\000a\000m\000p\000l\000e\000:\000\040\0001\0000\0000\000-\000S\000t\000u\000d\000y\000\040\000R\000e\000v\000i\000e\000w}{section.9}% 82
\BOOKMARK [1][-]{section.10}{\376\377\000C\000o\000n\000f\000i\000g\000u\000r\000a\000t\000i\000o\000n\000\040\000R\000e\000f\000e\000r\000e\000n\000c\000e}{}% 83
\BOOKMARK [2][-]{subsection.10.1}{\376\377\000A\000p\000p\000l\000i\000c\000a\000t\000i\000o\000n\000\040\000S\000e\000t\000t\000i\000n\000g\000s\000\040\000\050\000c\000o\000n\000f\000i\000g\000/\000s\000e\000t\000t\000i\000n\000g\000s\000.\000p\000y\000\051}{section.10}% 84
\BOOKMARK [2][-]{subsection.10.2}{\376\377\000E\000n\000v\000i\000r\000o\000n\000m\000e\000n\000t\000\040\000V\000a\000r\000i\000a\000b\000l\000e\000s}{section.10}% 85
\BOOKMARK [1][-]{section.11}{\376\377\000D\000e\000p\000l\000o\000y\000m\000e\000n\000t}{}% 86
\BOOKMARK [2][-]{subsection.11.1}{\376\377\000D\000e\000v\000e\000l\000o\000p\000m\000e\000n\000t\000\040\000S\000e\000t\000u\000p}{section.11}% 87
\BOOKMARK [2][-]{subsection.11.2}{\376\377\000P\000r\000o\000d\000u\000c\000t\000i\000o\000n\000\040\000B\000u\000i\000l\000d}{section.11}% 88
\BOOKMARK [1][-]{section.12}{\376\377\000C\000o\000m\000p\000l\000e\000t\000e\000\040\000A\000P\000I\000\040\000E\000n\000d\000p\000o\000i\000n\000t\000\040\000R\000e\000f\000e\000r\000e\000n\000c\000e}{}% 89
\BOOKMARK [1][-]{section.13}{\376\377\000C\000o\000m\000p\000o\000n\000e\000n\000t\000\040\000D\000e\000p\000e\000n\000d\000e\000n\000c\000y\000\040\000G\000r\000a\000p\000h}{}% 90
\BOOKMARK [1][-]{section.14}{\376\377\000S\000u\000m\000m\000a\000r\000y\000\040\000S\000t\000a\000t\000i\000s\000t\000i\000c\000s}{}% 91
